\BOOKMARK [1][-]{section.1}{Introduction}{}% 1
\BOOKMARK [2][-]{subsection.1.1}{Motivation}{section.1}% 2
\BOOKMARK [2][-]{subsection.1.2}{Organization of this paper}{section.1}% 3
\BOOKMARK [1][-]{section.2}{Definitions}{}% 4
\BOOKMARK [1][-]{section.3}{Trivial bounds}{}% 5
\BOOKMARK [1][-]{section.4}{Methods for lower bounds}{}% 6
\BOOKMARK [2][-]{subsection.4.1}{Rectangles}{section.4}% 7
\BOOKMARK [2][-]{subsection.4.2}{Round elimination}{section.4}% 8
\BOOKMARK [2][-]{subsection.4.3}{Upper bound on internal information}{section.4}% 9
\BOOKMARK [1][-]{section.5}{Half-duplex communication with silence}{}% 10
\BOOKMARK [1][-]{section.6}{Half-duplex communication with zero}{}% 11
\BOOKMARK [1][-]{section.7}{Half-duplex communication with adversary}{}% 12
\BOOKMARK [1][-]{section.8}{Open problems}{}% 13
\BOOKMARK [1][-]{appendix.A}{Proof of Lemma 13}{}% 14
\BOOKMARK [1][-]{appendix.B}{Proof of Theorem 16}{}% 15
\BOOKMARK [1][-]{appendix.C}{Proof of Theorem 17}{}% 16
\BOOKMARK [1][-]{appendix.D}{Proof of Theorem 20}{}% 17
\BOOKMARK [1][-]{appendix.E}{Proof of Theorem 22}{}% 18
\BOOKMARK [1][-]{appendix.F}{Proof of Theorem 23}{}% 19
\BOOKMARK [1][-]{appendix.G}{Proof of Theorem 24}{}% 20
